<?xml version="1.0" encoding="UTF-8"?>
<!-- Generated by org.testng.reporters.JUnitReportReporter -->
<testsuite hostname="DESKTOP-FUH0V7A" failures="0" tests="1" name="com.ActiTime.test.LoginPage" time="0.013" errors="0" timestamp="2022-05-15T23:42:06 IST" skipped="0">
  <testcase classname="com.ActiTime.test.LoginPage" name="login" time="0.013"/>
  <system-out>
    <![CDATA[heloo]]>
  </system-out>
</testsuite> <!-- com.ActiTime.test.LoginPage -->
